2024-06-22T12:42:43.423Z  INFO 1 --- [msvc-usuarios] [main] o.i.s.m.u.MsvcUsuariosApplication        : Starting MsvcUsuariosApplication v0.0.1-SNAPSHOT using Java 24-ea with PID 1 (/app/msvc-usuarios-0.0.1-SNAPSHOT.jar started by root in /app)
2024-06-22T12:42:43.439Z  INFO 1 --- [msvc-usuarios] [main] o.i.s.m.u.MsvcUsuariosApplication        : No active profile set, falling back to 1 default profile: "default"
2024-06-22T12:42:47.023Z  INFO 1 --- [msvc-usuarios] [main] .s.d.r.c.RepositoryConfigurationDelegate : Bootstrapping Spring Data JPA repositories in DEFAULT mode.
2024-06-22T12:42:47.287Z  INFO 1 --- [msvc-usuarios] [main] .s.d.r.c.RepositoryConfigurationDelegate : Finished Spring Data repository scanning in 232 ms. Found 1 JPA repository interface.
2024-06-22T12:42:47.846Z  INFO 1 --- [msvc-usuarios] [main] o.s.cloud.context.scope.GenericScope     : BeanFactory id=c200fc01-0b62-305b-b1ad-aaf41b4924fb
2024-06-22T12:42:49.334Z  INFO 1 --- [msvc-usuarios] [main] o.s.b.w.embedded.tomcat.TomcatWebServer  : Tomcat initialized with port 8001 (http)
2024-06-22T12:42:49.380Z  INFO 1 --- [msvc-usuarios] [main] o.apache.catalina.core.StandardService   : Starting service [Tomcat]
2024-06-22T12:42:49.381Z  INFO 1 --- [msvc-usuarios] [main] o.apache.catalina.core.StandardEngine    : Starting Servlet engine: [Apache Tomcat/10.1.19]
2024-06-22T12:42:49.468Z  INFO 1 --- [msvc-usuarios] [main] o.a.c.c.C.[Tomcat].[localhost].[/]       : Initializing Spring embedded WebApplicationContext
2024-06-22T12:42:49.469Z  INFO 1 --- [msvc-usuarios] [main] w.s.c.ServletWebServerApplicationContext : Root WebApplicationContext: initialization completed in 5729 ms
2024-06-22T12:42:50.419Z  INFO 1 --- [msvc-usuarios] [main] com.zaxxer.hikari.HikariDataSource       : HikariPool-1 - Starting...
2024-06-22T12:42:54.545Z  INFO 1 --- [msvc-usuarios] [main] com.zaxxer.hikari.pool.HikariPool        : HikariPool-1 - Added connection com.mysql.cj.jdbc.ConnectionImpl@4b9dbf07
2024-06-22T12:42:54.554Z  INFO 1 --- [msvc-usuarios] [main] com.zaxxer.hikari.HikariDataSource       : HikariPool-1 - Start completed.
2024-06-22T12:42:55.042Z  INFO 1 --- [msvc-usuarios] [main] o.hibernate.jpa.internal.util.LogHelper  : HHH000204: Processing PersistenceUnitInfo [name: default]
2024-06-22T12:42:55.920Z  INFO 1 --- [msvc-usuarios] [main] org.hibernate.Version                    : HHH000412: Hibernate ORM core version 6.4.4.Final
2024-06-22T12:42:56.336Z  INFO 1 --- [msvc-usuarios] [main] o.h.c.internal.RegionFactoryInitiator    : HHH000026: Second-level cache disabled
2024-06-22T12:42:58.416Z  INFO 1 --- [msvc-usuarios] [main] o.s.o.j.p.SpringPersistenceUnitInfo      : No LoadTimeWeaver setup: ignoring JPA class transformer
2024-06-22T12:42:58.767Z  WARN 1 --- [msvc-usuarios] [main] org.hibernate.orm.deprecation            : HHH90000025: MySQL8Dialect does not need to be specified explicitly using 'hibernate.dialect' (remove the property setting and it will be selected by default)
2024-06-22T12:42:58.770Z  WARN 1 --- [msvc-usuarios] [main] org.hibernate.orm.deprecation            : HHH90000026: MySQL8Dialect has been deprecated; use org.hibernate.dialect.MySQLDialect instead
2024-06-22T12:43:02.342Z  INFO 1 --- [msvc-usuarios] [main] o.h.e.t.j.p.i.JtaPlatformInitiator       : HHH000489: No JTA platform available (set 'hibernate.transaction.jta.platform' to enable JTA platform integration)
2024-06-22T12:43:02.629Z  INFO 1 --- [msvc-usuarios] [main] j.LocalContainerEntityManagerFactoryBean : Initialized JPA EntityManagerFactory for persistence unit 'default'
2024-06-22T12:43:04.002Z  INFO 1 --- [msvc-usuarios] [main] o.s.d.j.r.query.QueryEnhancerFactory     : Hibernate is in classpath; If applicable, HQL parser will be used.
2024-06-22T12:43:06.118Z  WARN 1 --- [msvc-usuarios] [main] JpaBaseConfiguration$JpaWebConfiguration : spring.jpa.open-in-view is enabled by default. Therefore, database queries may be performed during view rendering. Explicitly configure spring.jpa.open-in-view to disable this warning
2024-06-22T12:43:09.631Z  INFO 1 --- [msvc-usuarios] [main] o.s.b.w.embedded.tomcat.TomcatWebServer  : Tomcat started on port 8001 (http) with context path ''
2024-06-22T12:43:09.780Z  INFO 1 --- [msvc-usuarios] [main] o.i.s.m.u.MsvcUsuariosApplication        : Started MsvcUsuariosApplication in 28.571 seconds (process running for 31.199)
2024-06-22T12:46:05.054Z  INFO 1 --- [msvc-usuarios] [http-nio-8001-exec-1] o.a.c.c.C.[Tomcat].[localhost].[/]       : Initializing Spring DispatcherServlet 'dispatcherServlet'
2024-06-22T12:46:05.055Z  INFO 1 --- [msvc-usuarios] [http-nio-8001-exec-1] o.s.web.servlet.DispatcherServlet        : Initializing Servlet 'dispatcherServlet'
2024-06-22T12:46:05.061Z  INFO 1 --- [msvc-usuarios] [http-nio-8001-exec-1] o.s.web.servlet.DispatcherServlet        : Completed initialization in 3 ms
2024-06-22T12:46:05.416Z DEBUG 1 --- [msvc-usuarios] [http-nio-8001-exec-1] org.hibernate.SQL                        : select u1_0.id,u1_0.email,u1_0.nombre,u1_0.password from usuarios u1_0
2024-06-22T12:46:05.960Z  WARN 1 --- [msvc-usuarios] [http-nio-8001-exec-2] .w.s.m.s.DefaultHandlerExceptionResolver : Resolved [org.springframework.web.method.annotation.MethodArgumentTypeMismatchException: Failed to convert value of type 'java.lang.String' to required type 'java.lang.Long'; For input string: "favicon.ico"]
2024-06-22T12:46:09.175Z DEBUG 1 --- [msvc-usuarios] [http-nio-8001-exec-3] org.hibernate.SQL                        : select u1_0.id,u1_0.email,u1_0.nombre,u1_0.password from usuarios u1_0
2024-06-22T12:46:09.297Z  WARN 1 --- [msvc-usuarios] [http-nio-8001-exec-4] .w.s.m.s.DefaultHandlerExceptionResolver : Resolved [org.springframework.web.method.annotation.MethodArgumentTypeMismatchException: Failed to convert value of type 'java.lang.String' to required type 'java.lang.Long'; For input string: "favicon.ico"]
2024-06-22T12:46:11.058Z DEBUG 1 --- [msvc-usuarios] [http-nio-8001-exec-5] org.hibernate.SQL                        : select u1_0.id,u1_0.email,u1_0.nombre,u1_0.password from usuarios u1_0
2024-06-22T12:46:11.160Z  WARN 1 --- [msvc-usuarios] [http-nio-8001-exec-6] .w.s.m.s.DefaultHandlerExceptionResolver : Resolved [org.springframework.web.method.annotation.MethodArgumentTypeMismatchException: Failed to convert value of type 'java.lang.String' to required type 'java.lang.Long'; For input string: "favicon.ico"]
